<?xml version="1.0" encoding="UTF-8"?>
<!-- Generated by org.testng.reporters.JUnitReportReporter -->
<testsuite hostname="DESKTOP-DJ4FDME" failures="0" tests="2" name="org.xyz.auto.sd.BasicAutomtion" time="5.044" errors="0" timestamp="2025-02-12T20:43:16 IST" skipped="1">
  <testcase classname="org.xyz.auto.sd.BasicAutomtion" name="loginFunc" time="5.044"/>
  <testcase classname="org.xyz.auto.sd.BasicAutomtion" name="SignupFunct">
    <skipped/>
  </testcase> <!-- SignupFunct -->
</testsuite> <!-- org.xyz.auto.sd.BasicAutomtion -->
