<?xml version="1.0" encoding="UTF-8"?>
<!-- Generated by org.testng.reporters.JUnitReportReporter -->
<testsuite hostname="DESKTOP-DJ4FDME" failures="0" tests="2" name="org.wipro.auto.saucedemo.testcase.LoginScenario" time="13.647" errors="0" timestamp="2025-02-26T20:41:01 IST" skipped="0">
  <testcase classname="org.wipro.auto.saucedemo.testcase.LoginScenario" name="tc01_validate_login_valid_credential" time="7.287"/>
  <testcase classname="org.wipro.auto.saucedemo.testcase.LoginScenario" name="tc01_validate_login_Invalid_credential" time="6.360"/>
</testsuite> <!-- org.wipro.auto.saucedemo.testcase.LoginScenario -->
