<?xml version="1.0" encoding="UTF-8"?>
<!-- Generated by org.testng.reporters.JUnitReportReporter -->
<testsuite hostname="DESKTOP-DJ4FDME" failures="0" tests="1" name="org.wipro.auto.saucedemo.testcase.LoginScenario" time="8.281" errors="0" timestamp="2025-03-01T20:33:38 IST" skipped="0">
  <testcase classname="org.wipro.auto.saucedemo.testcase.LoginScenario" name="tc01_validate_login_valid_credential" time="8.281"/>
</testsuite> <!-- org.wipro.auto.saucedemo.testcase.LoginScenario -->
