<?xml version="1.0" encoding="UTF-8"?>
<!-- Generated by org.testng.reporters.JUnitReportReporter -->
<testsuite hostname="DESKTOP-DJ4FDME" failures="0" tests="2" name="org.xyz.auto.sd.DropdownCalendar" time="8.681" errors="0" timestamp="2025-02-20T20:19:53 IST" skipped="1">
  <testcase classname="org.xyz.auto.sd.DropdownCalendar" name="launchBrowsrr" time="8.681"/>
  <testcase classname="org.xyz.auto.sd.DropdownCalendar" name="universalorlando">
    <skipped/>
  </testcase> <!-- universalorlando -->
</testsuite> <!-- org.xyz.auto.sd.DropdownCalendar -->
