<?xml version="1.0" encoding="UTF-8"?>
<!-- Generated by org.testng.reporters.JUnitReportReporter -->
<testsuite hostname="DESKTOP-DJ4FDME" failures="0" tests="1" name="org.wipro.auto.saucedemo.baseLibrary.InitiateBrowse" time="7.343" errors="0" timestamp="2025-02-26T20:15:17 IST" skipped="0">
  <testcase classname="org.wipro.auto.saucedemo.baseLibrary.InitiateBrowse" name="launchBrowser" time="7.343"/>
</testsuite> <!-- org.wipro.auto.saucedemo.baseLibrary.InitiateBrowse -->
