<?xml version="1.0" encoding="UTF-8"?>
<!-- Generated by org.testng.reporters.JUnitReportReporter -->
<testsuite hostname="DESKTOP-DJ4FDME" failures="0" tests="3" name="org.wipro.auto.saucedemo.testcase.SignupScenario_DDF" time="18.065" errors="0" timestamp="2025-02-27T20:27:04 IST" skipped="0">
  <testcase classname="org.wipro.auto.saucedemo.testcase.SignupScenario_DDF" name="tc02_validate_signup_valid_credential" time="7.013"/>
  <testcase classname="org.wipro.auto.saucedemo.testcase.SignupScenario_DDF" name="tc02_validate_signup_valid_credential" time="5.189"/>
  <testcase classname="org.wipro.auto.saucedemo.testcase.SignupScenario_DDF" name="tc02_validate_signup_valid_credential" time="5.863"/>
</testsuite> <!-- org.wipro.auto.saucedemo.testcase.SignupScenario_DDF -->
