<?xml version="1.0" encoding="UTF-8"?>
<!-- Generated by org.testng.reporters.JUnitReportReporter -->
<testsuite hostname="DESKTOP-DJ4FDME" failures="0" tests="3" name="org.wipro.auto.saucedemo.testcase.LoginScenario_DDF" time="17.918" errors="0" timestamp="2025-02-27T20:22:09 IST" skipped="0">
  <testcase classname="org.wipro.auto.saucedemo.testcase.LoginScenario_DDF" name="tc01_validate_login_valid_credential" time="9.033"/>
  <testcase classname="org.wipro.auto.saucedemo.testcase.LoginScenario_DDF" name="tc01_validate_login_valid_credential" time="4.726"/>
  <testcase classname="org.wipro.auto.saucedemo.testcase.LoginScenario_DDF" name="tc01_validate_login_valid_credential" time="4.159"/>
</testsuite> <!-- org.wipro.auto.saucedemo.testcase.LoginScenario_DDF -->
