<?xml version="1.0" encoding="UTF-8"?>
<!-- Generated by org.testng.reporters.JUnitReportReporter -->
<testsuite hostname="DESKTOP-DJ4FDME" failures="0" tests="6" name="testNGDemo.TestScenario2" time="0.012" errors="0" timestamp="2025-02-25T20:15:19 IST" skipped="1">
  <testcase classname="testNGDemo.TestScenario2" name="first_testcase" time="0.003"/>
  <testcase classname="testNGDemo.TestScenario2" name="fifth_testcase" time="0.003"/>
  <testcase classname="testNGDemo.TestScenario2" name="second_testcase" time="0.003"/>
  <testcase classname="testNGDemo.TestScenario2" name="sixth_testcase" time="0.001"/>
  <testcase classname="testNGDemo.TestScenario2" name="forth_testcase" time="0.002"/>
  <testcase classname="testNGDemo.TestScenario2" name="third_testcase">
    <skipped/>
  </testcase> <!-- third_testcase -->
</testsuite> <!-- testNGDemo.TestScenario2 -->
