<?xml version="1.0" encoding="UTF-8"?>
<!-- Generated by org.testng.reporters.JUnitReportReporter -->
<testsuite hostname="DESKTOP-DJ4FDME" failures="0" tests="6" name="testNGDemo.TestScenario7" time="0.031" errors="0" timestamp="2025-02-25T20:15:19 IST" skipped="0">
  <testcase classname="testNGDemo.TestScenario7" name="second_testcase" time="0.004"/>
  <testcase classname="testNGDemo.TestScenario7" name="third_testcase" time="0.006"/>
  <testcase classname="testNGDemo.TestScenario7" name="fifth_testcase" time="0.012"/>
  <testcase classname="testNGDemo.TestScenario7" name="forth_testcase" time="0.001"/>
  <testcase classname="testNGDemo.TestScenario7" name="first_testcase" time="0.002"/>
  <testcase classname="testNGDemo.TestScenario7" name="sixth_testcase" time="0.006"/>
</testsuite> <!-- testNGDemo.TestScenario7 -->
