<?xml version="1.0" encoding="UTF-8"?>
<!-- Generated by org.testng.reporters.JUnitReportReporter -->
<testsuite hostname="DESKTOP-DJ4FDME" failures="0" tests="1" name="org.wipro.auto.saucedemo.testcase.SignupScenario" time="10.124" errors="0" timestamp="2025-02-26T20:58:35 IST" skipped="0">
  <testcase classname="org.wipro.auto.saucedemo.testcase.SignupScenario" name="tc02_validate_signup_valid_credential" time="10.124"/>
</testsuite> <!-- org.wipro.auto.saucedemo.testcase.SignupScenario -->
