<?xml version="1.0" encoding="UTF-8"?>
<!-- Generated by org.testng.reporters.JUnitReportReporter -->
<testsuite hostname="DESKTOP-DJ4FDME" failures="0" tests="1" name="org.xyz.auto.sd.HandleBrowserControl" time="28.147" errors="0" timestamp="2025-02-12T20:26:58 IST" skipped="0">
  <testcase classname="org.xyz.auto.sd.HandleBrowserControl" name="launchBrowsrr" time="28.147"/>
</testsuite> <!-- org.xyz.auto.sd.HandleBrowserControl -->
